Arguments: 
  /Users/rafaelribeirocorreia/.nvm/versions/node/v6.9.2/bin/node /Users/rafaelribeirocorreia/.yarn/bin/yarn.js add express

PATH: 
  /Users/rafaelribeirocorreia/.yarn/bin:/Users/rafaelribeirocorreia/.nvm/versions/node/v6.9.2/bin:/usr/local/bin:/usr/bin:/bin:/usr/sbin:/sbin:/Users/rafaelribeirocorreia/Library/Android/sdk/platform-tools/:/Users/rafaelribeirocorreia/Library/Android/sdk/:/opt/local/bin:/opt/local/sbin

Yarn version: 
  0.21.3

Node version: 
  6.9.2

Platform: 
  darwin x64

npm manifest: 
  {
    "name": "restaurants-microservice",
    "version": "1.0.0",
    "main": "index.js",
    "license": "MIT"
  }

yarn manifest: 
  No manifest

Lockfile: 
  No lockfile

Trace: 
  Error: connect ETIMEDOUT 104.16.59.173:443
      at Object.exports._errnoException (util.js:1022:11)
      at exports._exceptionWithHostPort (util.js:1045:20)
      at TCPConnectWrap.afterConnect [as oncomplete] (net.js:1087:14)
